CLA: 00, INS: a4, P1: 04, P2: 00, Lc: 09, a0, 00, 00, 00, 62, 03, 01, 08, 01, Le: 00, SW1: 90, SW2: 00
CAP file download section. Output suppressed.
OUTPUT OFF;
OUTPUT ON;
CLA: 80, INS: b8, P1: 00, P2: 00, Lc: 0c, 0a, a0, 00, 00, 00, 62, 03, 01, 0c, 01, 01, 00, Le: 0a, a0, 00, 00, 00, 62, 03, 01, 0c, 01, 01, SW1: 90, SW2: 00
CLA: 00, INS: a4, P1: 04, P2: 00, Lc: 0a, a0, 00, 00, 00, 62, 03, 01, 0c, 01, 01, Le: 00, SW1: 90, SW2: 00
CLA: 80, INS: 23, P1: 40, P2: 00, Lc: 3b, 83, a1, 1a, 10, 00, 00, 02, 01, 00, 58, 30, 00, 01, 02, 03, 04, 05, 06, 07, 08, 09, 0a, 0b, 0c, 0d, 0e, 0f, 10, 11, 12, 13, 14, 15, 16, 17, 18, 19, 1a, 1b, 1c, 1d, 1e, 1f, 20, 21, 22, 23, 24, 25, 26, 27, 28, 29, 2a, 2b, 2c, 2d, 2e, 2f, Le: 00, SW1: 69, SW2: 85
CLA: 80, INS: 24, P1: 40, P2: 00, Lc: 49, 86, 01, 01, 58, 20, 30, 30, 30, 31, 31, 31, 32, 32, 32, 33, 33, 33, 34, 34, 34, 35, 35, 35, 36, 36, 36, 37, 37, 37, 38, 38, 38, 39, 39, 39, 30, 30, 58, 20, 30, 30, 30, 31, 31, 31, 32, 32, 32, 33, 33, 33, 34, 34, 34, 35, 35, 35, 36, 36, 36, 37, 37, 37, 38, 38, 38, 39, 39, 39, 30, 30, 02, 00, Le: 00, SW1: 90, SW2: 00
CLA: 80, INS: 1e, P1: 40, P2: 00, Lc: 00, Le: 00, SW1: 69, SW2: 86
CLA: 80, INS: 18, P1: 40, P2: 00, Lc: 23, 81, 58, 20, 00, 01, 02, 03, 04, 05, 06, 07, 08, 09, 0a, 0b, 0c, 0d, 0e, 0f, 10, 11, 12, 13, 14, 15, 16, 17, 18, 19, 1a, 1b, 1c, 1d, 1e, 1f, Le: 00, SW1: 69, SW2: 86
CLA: 80, INS: 10, P1: 40, P2: 00, Lc: 22, 81, a4, 1a, 10, 00, 00, 02, 01, 1a, 30, 00, 00, 03, 19, 08, 00, 1a, 50, 00, 00, c8, 1a, 00, 01, 00, 01, 1a, 20, 00, 00, 01, 42, 02, 03, Le: 00, SW1: 69, SW2: 86
CLA: 80, INS: 10, P1: 40, P2: 00, Lc: 23, 81, a4, 1a, 10, 00, 00, 02, 18, 20, 1a, 30, 00, 00, 03, 19, 01, 00, 1a, 50, 00, 00, c8, 1a, 00, 01, 00, 01, 1a, 20, 00, 00, 01, 42, 02, 03, Le: 00, SW1: 69, SW2: 86
CLA: 80, INS: 10, P1: 40, P2: 00, Lc: 22, 81, a4, 1a, 10, 00, 00, 02, 03, 1a, 30, 00, 00, 03, 19, 01, 00, 1a, 50, 00, 00, c8, 1a, 00, 01, 00, 01, 1a, 20, 00, 00, 01, 42, 02, 03, Le: 00, SW1: 69, SW2: 86
CLA: 80, INS: 10, P1: 40, P2: 00, Lc: 22, 81, a4, 1a, 10, 00, 00, 02, 18, 21, 1a, 30, 00, 00, 03, 18, a8, 1a, 50, 00, 00, c8, 1a, 00, 01, 00, 01, 1a, 20, 00, 00, 01, 42, 02, 03, Le: 00, SW1: 69, SW2: 86
CLA: 80, INS: 10, P1: 40, P2: 00, Lc: 32, 81, a6, 1a, 10, 00, 00, 02, 18, 80, 1a, 30, 00, 01, f5, 1a, 01, 02, 03, 04, 1a, 90, 00, 02, 59, 44, 54, 65, 73, 74, 1a, 30, 00, 00, 08, 18, 80, 1a, 30, 00, 00, 03, 18, 80, 1a, 20, 00, 00, 05, 41, 04, Le: 00, SW1: 69, SW2: 85
CLA: 80, INS: 11, P1: 40, P2: 00, Lc: b4, 83, a5, 1a, 10, 00, 00, 02, 01, 1a, 30, 00, 01, f5, 1a, 01, 02, 03, 04, 1a, 90, 00, 02, 59, 44, 54, 65, 73, 74, 1a, 50, 00, 00, c8, 1a, 00, 01, 00, 01, 1a, 70, 00, 01, f7, 01, 03, 58, 85, 82, 58, 40, 80, 9a, 87, 4c, e1, a0, 71, 44, ae, 45, dd, 8d, 1c, 05, b4, d0, 44, 23, dd, 42, a7, c9, 53, 44, ac, 31, 4a, 22, 4a, 02, 65, a0, aa, 21, a8, 30, 94, 7d, 13, a1, bc, 89, 81, b5, 54, de, 75, 82, b9, 0b, 1a, 7a, 81, 0c, 51, e0, 2f, 91, 97, d4, e8, 33, 27, 61, 58, 40, 92, 6c, 79, 17, bb, 36, 6f, b7, 58, 25, 84, 98, a9, 56, 07, e6, 07, f6, 26, 92, 15, f6, 21, 9f, 6c, f0, b4, e7, 20, 42, ac, b6, d8, 30, 61, 06, c9, 3b, 30, 67, 1e, 8d, 74, 11, 8b, 06, 98, ab, 8d, 6a, 6c, cd, b7, 2f, c3, a8, 30, c7, 68, 03, 4f, 72, c7, 5b, Le: 00, SW1: 69, SW2: 85
CLA: 80, INS: 11, P1: 40, P2: 00, Lc: 7d, 83, a4, 1a, 10, 00, 00, 02, 03, 1a, 30, 00, 01, f5, 1a, 01, 02, 03, 04, 1a, 90, 00, 02, 59, 44, 54, 65, 73, 74, 1a, 50, 00, 00, c8, 1a, 00, 01, 00, 01, 03, 58, 54, 83, 58, 18, a6, 68, de, ec, 65, 6c, fb, ee, aa, 43, ef, 97, 9d, 10, 82, f0, 99, 5f, 10, f3, ee, 9c, 38, 57, 58, 31, 04, 3a, f8, f4, fa, 1f, e4, 4d, 62, a1, cd, 26, 8e, 1a, 5a, aa, f5, a8, 94, e3, 8b, 4c, ce, 49, a1, 57, 25, 81, 6d, be, 5c, 3b, 07, 95, b6, 89, 24, 6e, 9d, 25, 22, e6, 5f, 41, cc, 59, ce, 25, 0c, 1a, 10, 00, 00, 0a, 01, Le: 00, SW1: 69, SW2: 85
CLA: 80, INS: 11, P1: 40, P2: 00, Lc: 3f, 83, a5, 1a, 10, 00, 00, 02, 18, 20, 1a, 30, 00, 01, f5, 1a, 01, 02, 03, 04, 1a, 90, 00, 02, 59, 44, 54, 65, 73, 74, 1a, 30, 00, 00, 03, 18, 80, 1a, 20, 00, 00, 05, 41, 04, 03, 52, 81, 50, 95, e6, 79, 36, 64, a5, ec, 72, bf, 01, 4c, 83, 6c, cd, cf, 51, Le: 00, SW1: 69, SW2: 85
CLA: 80, INS: 11, P1: 40, P2: 00, Lc: 46, 83, a6, 1a, 10, 00, 00, 02, 18, 80, 1a, 30, 00, 01, f5, 1a, 01, 02, 03, 04, 1a, 90, 00, 02, 59, 44, 54, 65, 73, 74, 1a, 30, 00, 00, 03, 18, 80, 1a, 20, 00, 00, 05, 41, 04, 1a, 30, 00, 00, 08, 18, 80, 03, 52, 81, 50, fc, a6, 8f, 58, 68, 93, de, d0, c0, 74, 1c, 6f, 1d, 39, 2e, 4a, Le: 00, SW1: 69, SW2: 85
CLA: 80, INS: 11, P1: 40, P2: 00, Lc: 3f, 83, a5, 1a, 10, 00, 00, 02, 18, 21, 1a, 30, 00, 01, f5, 1a, 01, 02, 03, 04, 1a, 90, 00, 02, 59, 44, 54, 65, 73, 74, 1a, 30, 00, 00, 03, 18, a8, 1a, 20, 00, 00, 05, 41, 04, 03, 52, 81, 50, 8b, d4, d5, 84, 37, 39, c0, 1b, db, ed, 3c, 68, 99, 3a, dc, 3d, Le: 00, SW1: 69, SW2: 85
